Created by PLY version 3.4 (http://www.dabeaz.com/ply)

Unused terminals:

    REAL
    MENOSIG
    ATE
    DIVIG
    PARA
    FUNCINT
    DE
    MAIORIG
    MULTIG
    EXP
    MENORIG
    VAZIO
    IGUIG
    DEF
    MODIG
    DIF
    E
    STRING
    SENAO
    DIVINT
    MAISIG
    RETORNA
    EXPIG
    ENQUANTO
    INT
    SENAOSE
    CONSTANTE
    QUEBRA
    CONTINUA
    OU

Grammar

Rule 0     S' -> primario
Rule 1     primario -> declaracao
Rule 2     primario -> controle
Rule 3     controle -> se
Rule 4     declaracao -> TIPO ID
Rule 5     se -> SE : declaracao FIM

Terminals, with rules where they appear

:                    : 5
ATE                  : 
CONSTANTE            : 
CONTINUA             : 
DE                   : 
DEF                  : 
DIF                  : 
DIVIG                : 
DIVINT               : 
E                    : 
ENQUANTO             : 
EXP                  : 
EXPIG                : 
FIM                  : 5
FUNCINT              : 
ID                   : 4
IGUIG                : 
INT                  : 
MAIORIG              : 
MAISIG               : 
MENORIG              : 
MENOSIG              : 
MODIG                : 
MULTIG               : 
OU                   : 
PARA                 : 
QUEBRA               : 
REAL                 : 
RETORNA              : 
SE                   : 5
SENAO                : 
SENAOSE              : 
STRING               : 
TIPO                 : 4
VAZIO                : 
error                : 

Nonterminals, with rules where they appear

controle             : 2
declaracao           : 1 5
primario             : 0
se                   : 3

Parsing method: LALR

state 0

    (0) S' -> . primario
    (1) primario -> . declaracao
    (2) primario -> . controle
    (4) declaracao -> . TIPO ID
    (3) controle -> . se
    (5) se -> . SE : declaracao FIM

    TIPO            shift and go to state 1
    SE              shift and go to state 3

    controle                       shift and go to state 4
    primario                       shift and go to state 2
    declaracao                     shift and go to state 5
    se                             shift and go to state 6

state 1

    (4) declaracao -> TIPO . ID

    ID              shift and go to state 7


state 2

    (0) S' -> primario .



state 3

    (5) se -> SE . : declaracao FIM

    :               shift and go to state 8


state 4

    (2) primario -> controle .

    $end            reduce using rule 2 (primario -> controle .)


state 5

    (1) primario -> declaracao .

    $end            reduce using rule 1 (primario -> declaracao .)


state 6

    (3) controle -> se .

    $end            reduce using rule 3 (controle -> se .)


state 7

    (4) declaracao -> TIPO ID .

    $end            reduce using rule 4 (declaracao -> TIPO ID .)
    FIM             reduce using rule 4 (declaracao -> TIPO ID .)


state 8

    (5) se -> SE : . declaracao FIM
    (4) declaracao -> . TIPO ID

    TIPO            shift and go to state 1

    declaracao                     shift and go to state 9

state 9

    (5) se -> SE : declaracao . FIM

    FIM             shift and go to state 10


state 10

    (5) se -> SE : declaracao FIM .

    $end            reduce using rule 5 (se -> SE : declaracao FIM .)

